2021-08-11T23:13:32.292Z [32minfo[39m: 	Se inició servidor en Puerto 8080 - PID WORKER: 10592
2021-08-11T23:13:46.930Z [32minfo[39m: 	Cliente ID:75yPtChrwxzT6BncAAAB inició conexión a traves de Socket
2021-08-11T23:13:56.617Z [32minfo[39m: 	Cliente ID:Adkr61jklRAfk0IGAAAD inició conexión a traves de Socket
2021-08-11T23:14:07.369Z [32minfo[39m: 	Cliente ID:sGpbhVB1QQGTMYJMAAAF inició conexión a traves de Socket
2021-08-11T23:15:17.766Z [32minfo[39m: 	Se inició servidor en Puerto 8080 - PID WORKER: 10780
2021-08-11T23:15:55.347Z [32minfo[39m: 	Cliente ID:7lcxy835-V6vIlB1AAAB inició conexión a traves de Socket
2021-08-11T23:19:17.153Z [32minfo[39m: 	Cliente ID:oon9rztMfsElW5nGAAAD inició conexión a traves de Socket
2021-08-11T23:20:46.217Z [32minfo[39m: 	Cliente ID:pDmEcsFFYcWTVMKwAAAF inició conexión a traves de Socket
2021-08-11T23:21:34.362Z [32minfo[39m: 	Cliente ID:OuX-uFGyP8NIYlbJAAAH inició conexión a traves de Socket
2021-08-11T23:21:48.286Z [32minfo[39m: 	Cliente ID:TPeBaHY8lub3igwTAAAJ inició conexión a traves de Socket
2021-08-11T23:23:14.858Z [32minfo[39m: 	Cliente ID:5me9tPHD5turSCgXAAAL inició conexión a traves de Socket
2021-08-11T23:23:15.900Z [32minfo[39m: 	Cliente ID:j4Ucpku6NTRQigHhAAAN inició conexión a traves de Socket
2021-08-11T23:23:57.958Z [32minfo[39m: 	Cliente ID:CEpbK7memyiQWFvaAAAP inició conexión a traves de Socket
2021-08-11T23:25:03.549Z [32minfo[39m: 	Se inició servidor en Puerto 8080 - PID WORKER: 3484
2021-08-11T23:27:22.768Z [32minfo[39m: 	Se inició servidor en Puerto 8080 - PID WORKER: 8680
2021-08-11T23:27:29.760Z [32minfo[39m: 	Cliente ID:wA0yhu8Dj6Qe2qjpAAAB inició conexión a traves de Socket
2021-08-11T23:35:04.458Z [32minfo[39m: 	Se inició servidor en Puerto 8080 - PID WORKER: 10556
2021-08-11T23:35:04.986Z [32minfo[39m: 	Cliente ID:ViIlatUZ0wkdmIZ-AAAB inició conexión a traves de Socket
2021-08-11T23:46:04.106Z [32minfo[39m: 	Se inició servidor en Puerto 8080 - PID WORKER: 5448
2021-08-11T23:46:04.234Z [32minfo[39m: 	Cliente ID:37sc3h6qLFzhH8KhAAAB inició conexión a traves de Socket
2021-08-11T23:46:16.660Z [32minfo[39m: 	Cliente ID:MuJTqs4SKn8IfgP3AAAD inició conexión a traves de Socket
2021-08-11T23:46:53.703Z [32minfo[39m: 	Cliente ID:_xjZnLNsYvbVq-9XAAAF inició conexión a traves de Socket
2021-08-11T23:53:00.387Z [32minfo[39m: 	Se inició servidor en Puerto 8080 - PID WORKER: 6896
2021-08-11T23:53:11.194Z [32minfo[39m: 	Se inició servidor en Puerto 8080 - PID WORKER: 1396
2021-08-11T23:53:16.993Z [32minfo[39m: 	Cliente ID:zVuK-0lsyAHR-p68AAAC inició conexión a traves de Socket
2021-08-11T23:53:17.004Z [32minfo[39m: 	Cliente ID:ebKm9hmasIGU7oStAAAD inició conexión a traves de Socket
2021-08-11T23:53:23.583Z [32minfo[39m: 	Cliente ID:uc18K71WsbtJy2WiAAAF inició conexión a traves de Socket
2021-08-11T23:53:43.734Z [32minfo[39m: 	Cliente ID:-RYHkB7sX4mKzew_AAAH inició conexión a traves de Socket
2021-08-11T23:53:45.534Z [32minfo[39m: 	Cliente ID:gFwY1O5_ZtHWoEQ0AAAJ inició conexión a traves de Socket
2021-08-11T23:53:46.367Z [32minfo[39m: 	Cliente ID:ybbDn9i1ote3UB6jAAAL inició conexión a traves de Socket
2021-08-11T23:53:56.711Z [32minfo[39m: 	Cliente ID:8Vich99jCTse09uGAAAN inició conexión a traves de Socket
2021-08-12T00:00:51.766Z [32minfo[39m: 	Se inició servidor en Puerto 8080 - PID WORKER: 10848
2021-08-12T00:00:55.029Z [32minfo[39m: 	Cliente ID:Mnc0OLMDJkT4HDCZAAAB inició conexión a traves de Socket
2021-08-12T00:00:55.952Z [32minfo[39m: 	Cliente ID:4Ey2JwIqvsU1_Z6lAAAD inició conexión a traves de Socket
2021-08-12T00:04:19.487Z [32minfo[39m: 	Cliente ID:sOg7qsewI7H7rMhKAAAF inició conexión a traves de Socket
2021-08-12T00:05:51.585Z [32minfo[39m: 	Se inició servidor en Puerto 8080 - PID WORKER: 9428
2021-08-12T00:05:52.982Z [32minfo[39m: 	Cliente ID:JduRmQcKrECiKhwQAAAB inició conexión a traves de Socket
2021-08-12T00:06:13.777Z [32minfo[39m: 	Se inició servidor en Puerto 8080 - PID WORKER: 6436
2021-08-12T00:06:13.987Z [32minfo[39m: 	Cliente ID:UPRjAjmbu_0NWuQ0AAAB inició conexión a traves de Socket
2021-08-12T00:09:38.998Z [32minfo[39m: 	Se inició servidor en Puerto 8080 - PID WORKER: 8100
2021-08-12T00:09:39.969Z [32minfo[39m: 	Cliente ID:W0u7VzR-KKv5us6mAAAB inició conexión a traves de Socket
2021-08-12T00:09:52.331Z [32minfo[39m: 	Cliente ID:aCy-w2PbNIApp1kDAAAD inició conexión a traves de Socket
2021-08-12T00:10:17.529Z [32minfo[39m: 	Cliente ID:HXyQlKMOrhhQTP4ZAAAF inició conexión a traves de Socket
2021-08-12T00:10:53.622Z [32minfo[39m: 	Cliente ID:W_Lp5oebz1YegSFxAAAH inició conexión a traves de Socket
2021-08-12T00:11:08.951Z [32minfo[39m: 	Cliente ID:ym3_5uiYLFcElqcbAAAJ inició conexión a traves de Socket
2021-08-12T00:11:16.686Z [32minfo[39m: 	Cliente ID:wkg7MCVE8-CFj59OAAAL inició conexión a traves de Socket
2021-08-12T00:11:19.918Z [32minfo[39m: 	Cliente ID:XS7Uo7HBatEWotsVAAAN inició conexión a traves de Socket
2021-08-12T00:11:59.650Z [32minfo[39m: 	Se inició servidor en Puerto 8080 - PID WORKER: 11056
2021-08-12T00:12:04.997Z [32minfo[39m: 	Cliente ID:JKZazr4i-9m2vOQVAAAB inició conexión a traves de Socket
2021-08-12T00:12:06.363Z [32minfo[39m: 	Cliente ID:KCrG_PVw48NgQGUmAAAD inició conexión a traves de Socket
2021-08-12T00:12:19.405Z [32minfo[39m: 	Cliente ID:1qeenRHpGgxwGeMeAAAF inició conexión a traves de Socket
2021-08-12T00:12:24.382Z [32minfo[39m: 	Cliente ID:8Db38sci8Ve6wPtwAAAH inició conexión a traves de Socket
2021-08-12T00:12:27.558Z [32minfo[39m: 	Cliente ID:5GM91kZcn3PQluo8AAAJ inició conexión a traves de Socket
2021-08-12T00:12:40.759Z [32minfo[39m: 	Cliente ID:2NGfVVs2T1ueqlixAAAL inició conexión a traves de Socket
2021-08-12T00:15:31.148Z [32minfo[39m: 	Se inició servidor en Puerto 8080 - PID WORKER: 5828
2021-08-12T00:15:33.961Z [32minfo[39m: 	Cliente ID:_lN9UV8jAPZMd0sfAAAB inició conexión a traves de Socket
2021-08-12T00:16:05.499Z [32minfo[39m: 	Cliente ID:AeiPfqqdk5Qafj88AAAD inició conexión a traves de Socket
2021-08-12T00:16:09.696Z [32minfo[39m: 	Cliente ID:XcyrLLlMBlUkSYY-AAAF inició conexión a traves de Socket
2021-08-12T00:18:10.260Z [32minfo[39m: 	Se inició servidor en Puerto 8080 - PID WORKER: 10048
2021-08-12T00:18:14.964Z [32minfo[39m: 	Cliente ID:CDVmOLc-OLnZtflPAAAB inició conexión a traves de Socket
2021-08-12T00:20:22.884Z [32minfo[39m: 	Se inició servidor en Puerto 8080 - PID WORKER: 7364
2021-08-12T00:20:25.985Z [32minfo[39m: 	Cliente ID:qzkshodnPPhyGqXdAAAB inició conexión a traves de Socket
2021-08-12T00:21:13.829Z [32minfo[39m: 	Se inició servidor en Puerto 8080 - PID WORKER: 10728
2021-08-12T00:21:14.216Z [32minfo[39m: 	Cliente ID:oUhtHFUatwMp0B-3AAAB inició conexión a traves de Socket
